1665705792816:st connect
1665705794142:1
1665705800510:2
1665705826046:1 part
1665705828486:part
1665705831742:1 part
1665705866505:st connect
1665705868789:1
1665705872885:1 add
1665705875239:1 part
1665705877573:part
1665705914601:st connect
1665705915748:1
1665706169943:st connect
1665706171540:1
1665706641613:st connect
1665706646346:1
1665706648601:3
1665706649785:2
1665706652458:3
1665706653457:4
1665706788267:st connect
1665706789897:1
1665706883291:st connect
1665706887816:1
1665706891960:1.1
1665707667152:st connect
1665707668852:1
1665707672173:1.1
1665707854152:st connect
1665707856500:1
1665707864180:1.1 part-1
1665708011718:st connect
1665708013002:1
1665708020628:1.1 part-1
1665708296796:st connect
1665708298554:1
1665708303226:1.1 part-1
1665708323634:2.1 manufacturer-1
1665708380556:st connect
1665708383209:1
1665708389275:1.1 part-1
1665708398329:2.1 manu-2
1665708454131:st connect
1665708455201:1
1665708471697:1.1 part-1
1665708476777:2.1 manu-1
1665708609993:st connect
1665708612183:1
1665708659162:st connect
1665708660439:1
1665709267712:st connect
1665709270909:1
1665709280277:1.1 part-1
1665709293989:2.1 manu-1
1665709302142:3.1 manu-1
1665709346037:4.1
1665710236965:st connect
1665710238424:1
1665710293242:st connect
1665710325575:2
1665710414436:1.3 --partName part-1 --manufacturerName manu-2, --price 10.5 --quantity 5
1665711148173:st connect
1665711150331:1
1665711155692:1.2 part-1
1665711164964:2.2 manu-1
1665711169291:4.2
1665711173339:2
1665711228847:1.3 --pártName part-1 --manufacturerName manu-1 --price 10.5 --quantity 5
1665712159040:st connect
1665712160901:1
1665712166087:1.2 part-1
1665712171351:2.2 manu-1
1665712173550:4.2
1665712176485:2
1665712221186:1.3 --partName part-1 --manufacturer manu-1 --price 10.5 --quantity 5
1665712236626:1.3 --partName part-1 --manufacturerName manu-1 --price 10.5 --quantity 5
1665713691697:st connect
1665713694014:1
1665713702494:1.2 part-1
1665713713030:2.2 manu-1
1665713723671:2.2 manu-2
1665713727766:4.2
1665713729821:2
1665713789563:1.3 --partName part-1 --manufacturerName manu-1 --price 10.5 --quantity 5
1665713982389:2.3 part-1
1665713993798:2.3 --partName part-1
1665714020693:--partName part-1
1665745852744:st connect
1665745854830:1
1665745866214:1.2 part-1
1665745875486:2.2 manu-1
1665745883895:2.2 manu-2
1665745888646:4.2
1665745891086:2
1665745908049:1.3 --partName part-1 --manufacturerName manu-1 --price 10.5 --quantity 5
1665745962687:st connect
1665745964525:1
1665745969230:1.2 part-1
1665745976070:2.2 samu-1
1665745979750:4.2
1665745984526:2
1665745998785:1.3 --partName part-1 --manufacturerName manu-1 --price 10.5 --quantity 5
1665747940318:st connect
1665747945780:1
1665747954156:1.2 part-1
1665747973244:2.2 manu-1
1665747977628:4.2
1665747980650:2
1665747990904:1.3 --partName part-1 --manufacturerName manu-1 --price 10.5 --quantity 5
1665748044813:st connect
1665748047451:1
1665748061116:1.2 part-1
1665748066268:2.2 manu-1
1665748072547:4.2
1665748075394:2
1665748121791:1.3 --partName part-1 --manufacturerName manu-1 --price 10.5 --quantity 5
1665748211012:st connect
1665748212738:1
1665748216770:1.2 part-1
1665748222059:2.2 manu-1
1665748230243:2.2 manu-2
1665748233761:4.2
1665748234897:2
1665748243598:1.3 --partName part-1 --manufacturerName manu-1 --price 10.5 --quantity 5
1665748352092:st connect
1665748364225:1
1665748371465:1.2 part-1
1665748376417:2.2 manu-1
1665748378658:4.2
1665748379849:2
1665748388741:1.3 --partName part-1 --manufacturerName manu-1 --price 10.5 --quantity 5
1665748659035:st connect
1665748660992:1
1665748664888:1.2 part-1
1665748671553:2.2 part-2
1665748675176:4.2
1665748694843:st connect
1665748704039:1
1665748710783:1.2 part-1
1665748715344:2.2 manu-1
1665748716824:4.2
1665748717575:2
1665748727452:1.3 --partName part-1 --manufacturerName manu-1 --price 10.5 --quantity 5
1665748811866:st connect
1665748813391:1
1665748822928:1.2 part-1
1665748827631:2.2 manu-1
1665748829630:4.2
1665748830439:2
1665748842364:1.3 --partName part-1 --manufacturerName manu-1 --price 10.5 --quantity 5
1665749692486:st connect
1665749694147:1
1665749698131:1.2 part-1
1665749702371:2.2 manu-1
1665749707538:4.2
1665749709682:2
1665749726127:1.3 --partName part-1 --manufacturerName manu-1 --price 10.5 --quantity 5
1665749750065:3.3
1665749768034:2.3 part-1
1665749781204:2.3 --partName part-1
1665749812220:2.3 --partName part-1 --manufacturerName manu-1
1665750201852:st connect
1665750203712:1
1665750211345:1.2 part-1
1665750216608:2.2 manu-1
1665750223184:4.2
1665750224656:2
1665750230484:1.3 --partName part-1 --manufacturerName manu-1 --price 10.5 --quantity 5
1665750389275:st connect
1665750391078:1
1665750395704:1.2 part-1
1665750399384:2.2 manu-1
1665750402199:4.2
1665750402887:2
1665750407517:1.3 --partName part-1 --manufacturerName manu-1 --price 10.5 --quantity 5
1665750851688:st connect
1665750858237:1
1665750862661:1.2 part-1
1665750956453:1.2 part-2
1665751092374:st connect
1665751096923:1
1665751102020:1.2 part-1
1665751442941:st connect
1665751444346:1
1665751449041:1.2 part-1
1665751527476:st connect
1665751528873:1
1665751535281:1.2 part-1
1665751988993:st connect
1665751990278:1
1665751994239:1.2 part-1
1665752039528:2.2 manu-1
1665752042798:4.2
1665752046007:2
1665752062171:1.3 --partName part-1 --manufacturerName manu-1 --price 10.5 --quantity 5
1665752095656:st connect
1665752099207:1
1665752105695:1.2 part-1
1665752221390:1.2 part-2
1665752358486:2.2 manu-1
1665752365998:2.2 manu-2
1665752368286:4.2
1665752369189:2
1665752374617:1.3 --partName part-1 --manufacturerName manu-1 --price 10.5 --quantity 5
1665752507022:st connect
1665752508333:1
1665752511733:1.2 part-1
1665752540596:4.2
1665752542492:2
1665752550345:1.3 --partName part-1 --manufacturerName manu-1 --price 10.5 --quantity 5
1665754295319:st connect
1665754296851:1
1665754300292:1.2 part-1
1665754362135:st connect
1665754364332:1
1665754373867:1.2 part-1
1665754708782:st connect
1665754713297:1
1665754721058:1.2 part-1
1665754726435:2.2 manu-1
1665754957656:4.2
1665754959312:2
1665754966669:1.3 --partName part-1 --manufacturerName manu-1 --price 10.5 --quantity 5
1665755059802:st connect
1665755066735:2
1665755072605:1.3 --partName part-1 --manufacturerName manu-1 --price 10.5 --quantity 5
1665755225261:st connect
1665755227526:2
1665755246713:2.3 --partName part-1 --manufacturerName manu-1
1665755303255:2.3 --partName part-1
1665755425401:st connect
1665755427206:2
1665755436567:2.3 --partName part-1
1665755578888:st connect
1665755580565:2
1665755588398:2.3 --partName part-1
1665755726257:st connect
1665755727549:2
1665755736062:2.3 --partName part-1
1665755795991:st connect
1665755797044:2
1665755805517:2.3 --partName part-1
1665755951669:st connect
1665755953395:2
1665755961260:2.3 --partName part-1
1665755981318:st connect
1665755983179:2
1665755997732:2.3 --partName part-1
1665803141034:st connect
1665803143759:3
1665803154528:1.4 50.5
1665807553572:st connect
1665807556113:3
1665807572633:1.4 100
1665807592673:1.4 800
1665807614362:2.4 part-1 7
1665807758636:st connect
1665807760856:3
1665807771721:2.4 part-1 7
1665807847587:st connect
1665807849824:3
1665807883131:2.4 --partName part-1 --quantity 8
1665808500713:st connect
1665808502356:3
1665808518040:2.4 --partName part-1 --quantity 8
1665808842232:st connect
1665808844074:3
1665808865949:2.4 --partName part-1 --quantity 8
1665808977725:st connect
1665808980753:3
1665809007500:2.4 --partName part-1 --quantity 8
1665809075366:2.4 --partName part-1 quantity 8
1665809088738:st connect
1665809099572:2.4 --partName part-1 quantity 8
1665809112041:3
1665809123811:2.4 --partName part-1 quantity 8
1665809128651:2.4 --partName part-1 --quantity 8
1665810669621:st connect
1665810680869:2.4 --partName part-1 --quantity 8
1665810773030:2.4 --partName part-2 --quantitu 8
1665810784436:2.4 --partName part-2 --quantity 8
1665810798748:2.4 --partName part-1 --quantitu 8
1665810812316:2.4 --partName part-1 --quantity 8
1665810874416:item.getPrice().multiply(
1665810894331:2.4 --partName part-1 --quantity 8
1665812847209:3.4
1665813547398:st connect
1665813550699:2
1665813663383:st connect
1665813665955:2
1665813707127:1.3 --partName part-2 --manufacturerName manu-2 --price 5.5 --quantity 6
1665815351293:st connect
1665815586395:3
1665815804125:st connect
1665815839040:1
1665815922722:st connect
1665815931279:1
1665815940366:1.2 --partName part-1
1665815994265:1.2 --manufacturerName manu-1
1665816048166:2
1665816126563:1.3 --partName part-1 --manufacturerName manu-1 --price 10.5 --quantity 5
1665816223696:2
1665816227056:3.3
1665816241792:2.2 --manufacturerName manu-1
1665816247686:4.2
1665816252893:2
1665816256587:1.3 --partName part-1 --manufacturerName manu-1 --price 10.5 --quantity 5
1665816339998:3.3
1665816385901:4.2
1665816388365:2
1665816413358:2.3 --partName part-1
1665816462900:3.3
1665816464652:4.2
1665816466740:2
1665816486040:2.3 --partName part-1 --manufacturerName manu-1
1665816550183:st connect
1665816582228:3
1665816634605:1.4 --money 150.5
1665816666438:4.4
1665816701311:st connect
1665816702612:3
1665816729279:2.4 --partName part-1 --quantity 2
1665816778923:4.4
1665816781243:3
1665816791027:3.4
